[4.064s] Invoking command in '/workspace/src/joystick_control': PYTHONPATH=/workspace/build/joystick_control/prefix_override:/usr/lib/python3/dist-packages/colcon_core/task/python/colcon_distutils_commands:/workspace/install/joystick_control/lib/python3.12/site-packages:${PYTHONPATH} /usr/bin/python3 -W ignore:setup.py install is deprecated -W ignore:easy_install command is deprecated setup.py egg_info --egg-base ../../build/joystick_control build --build-base /workspace/build/joystick_control/build install --record /workspace/build/joystick_control/install.log --single-version-externally-managed install_data
[5.343s] running egg_info
[5.432s] writing ../../build/joystick_control/joystick_control.egg-info/PKG-INFO
[5.433s] writing dependency_links to ../../build/joystick_control/joystick_control.egg-info/dependency_links.txt
[5.440s] writing entry points to ../../build/joystick_control/joystick_control.egg-info/entry_points.txt
[5.441s] writing requirements to ../../build/joystick_control/joystick_control.egg-info/requires.txt
[5.442s] writing top-level names to ../../build/joystick_control/joystick_control.egg-info/top_level.txt
[5.634s] reading manifest file '../../build/joystick_control/joystick_control.egg-info/SOURCES.txt'
[5.638s] writing manifest file '../../build/joystick_control/joystick_control.egg-info/SOURCES.txt'
[5.639s] running build
[5.640s] running build_py
[5.641s] running install
[5.671s] running install_lib
[5.765s] running install_data
[5.767s] running install_egg_info
[5.865s] removing '/workspace/install/joystick_control/lib/python3.12/site-packages/joystick_control-0.0.0-py3.12.egg-info' (and everything under it)
[5.867s] Copying ../../build/joystick_control/joystick_control.egg-info to /workspace/install/joystick_control/lib/python3.12/site-packages/joystick_control-0.0.0-py3.12.egg-info
[5.874s] running install_scripts
[6.577s] Installing joystick_node script to /workspace/install/joystick_control/lib/joystick_control
[6.579s] writing list of installed files to '/workspace/build/joystick_control/install.log'
[6.728s] Invoked command in '/workspace/src/joystick_control' returned '0': PYTHONPATH=/workspace/build/joystick_control/prefix_override:/usr/lib/python3/dist-packages/colcon_core/task/python/colcon_distutils_commands:/workspace/install/joystick_control/lib/python3.12/site-packages:${PYTHONPATH} /usr/bin/python3 -W ignore:setup.py install is deprecated -W ignore:easy_install command is deprecated setup.py egg_info --egg-base ../../build/joystick_control build --build-base /workspace/build/joystick_control/build install --record /workspace/build/joystick_control/install.log --single-version-externally-managed install_data
