running egg_info
creating ../../build/movement/movement.egg-info
writing ../../build/movement/movement.egg-info/PKG-INFO
writing dependency_links to ../../build/movement/movement.egg-info/dependency_links.txt
writing requirements to ../../build/movement/movement.egg-info/requires.txt
writing top-level names to ../../build/movement/movement.egg-info/top_level.txt
writing manifest file '../../build/movement/movement.egg-info/SOURCES.txt'
reading manifest file '../../build/movement/movement.egg-info/SOURCES.txt'
writing manifest file '../../build/movement/movement.egg-info/SOURCES.txt'
running build
running build_py
creating /workspace/build/movement/build
creating /workspace/build/movement/build/lib
creating /workspace/build/movement/build/lib/movement
copying movement/manual_control_node.py -> /workspace/build/movement/build/lib/movement
copying movement/__init__.py -> /workspace/build/movement/build/lib/movement
copying movement/motor_utils.py -> /workspace/build/movement/build/lib/movement
running install
running install_lib
creating /workspace/install/movement/lib/python3.12/site-packages/movement
copying /workspace/build/movement/build/lib/movement/manual_control_node.py -> /workspace/install/movement/lib/python3.12/site-packages/movement
copying /workspace/build/movement/build/lib/movement/__init__.py -> /workspace/install/movement/lib/python3.12/site-packages/movement
copying /workspace/build/movement/build/lib/movement/motor_utils.py -> /workspace/install/movement/lib/python3.12/site-packages/movement
byte-compiling /workspace/install/movement/lib/python3.12/site-packages/movement/manual_control_node.py to manual_control_node.cpython-312.pyc
byte-compiling /workspace/install/movement/lib/python3.12/site-packages/movement/__init__.py to __init__.cpython-312.pyc
byte-compiling /workspace/install/movement/lib/python3.12/site-packages/movement/motor_utils.py to motor_utils.cpython-312.pyc
running install_data
creating /workspace/install/movement/share/ament_index
creating /workspace/install/movement/share/ament_index/resource_index
creating /workspace/install/movement/share/ament_index/resource_index/packages
copying resource/movement -> /workspace/install/movement/share/ament_index/resource_index/packages
copying package.xml -> /workspace/install/movement/share/movement
running install_egg_info
Copying ../../build/movement/movement.egg-info to /workspace/install/movement/lib/python3.12/site-packages/movement-0.0.0-py3.12.egg-info
running install_scripts
writing list of installed files to '/workspace/build/movement/install.log'
