[1.232s] Invoking command in '/workspace/src/movement': PYTHONPATH=/workspace/build/movement/prefix_override:/usr/lib/python3/dist-packages/colcon_core/task/python/colcon_distutils_commands:/workspace/install/movement/lib/python3.12/site-packages:${PYTHONPATH} /usr/bin/python3 -W ignore:setup.py install is deprecated -W ignore:easy_install command is deprecated setup.py egg_info --egg-base ../../build/movement build --build-base /workspace/build/movement/build install --record /workspace/build/movement/install.log --single-version-externally-managed install_data
[1.523s] running egg_info
[1.523s] creating ../../build/movement/movement.egg-info
[1.542s] writing ../../build/movement/movement.egg-info/PKG-INFO
[1.542s] writing dependency_links to ../../build/movement/movement.egg-info/dependency_links.txt
[1.542s] writing requirements to ../../build/movement/movement.egg-info/requires.txt
[1.542s] writing top-level names to ../../build/movement/movement.egg-info/top_level.txt
[1.542s] writing manifest file '../../build/movement/movement.egg-info/SOURCES.txt'
[1.580s] reading manifest file '../../build/movement/movement.egg-info/SOURCES.txt'
[1.581s] writing manifest file '../../build/movement/movement.egg-info/SOURCES.txt'
[1.581s] running build
[1.581s] running build_py
[1.582s] creating /workspace/build/movement/build
[1.582s] creating /workspace/build/movement/build/lib
[1.582s] creating /workspace/build/movement/build/lib/movement
[1.582s] copying movement/manual_control_node.py -> /workspace/build/movement/build/lib/movement
[1.582s] copying movement/__init__.py -> /workspace/build/movement/build/lib/movement
[1.582s] copying movement/motor_utils.py -> /workspace/build/movement/build/lib/movement
[1.582s] running install
[1.590s] running install_lib
[1.611s] creating /workspace/install/movement/lib/python3.12/site-packages/movement
[1.612s] copying /workspace/build/movement/build/lib/movement/manual_control_node.py -> /workspace/install/movement/lib/python3.12/site-packages/movement
[1.612s] copying /workspace/build/movement/build/lib/movement/__init__.py -> /workspace/install/movement/lib/python3.12/site-packages/movement
[1.612s] copying /workspace/build/movement/build/lib/movement/motor_utils.py -> /workspace/install/movement/lib/python3.12/site-packages/movement
[1.612s] byte-compiling /workspace/install/movement/lib/python3.12/site-packages/movement/manual_control_node.py to manual_control_node.cpython-312.pyc
[1.614s] byte-compiling /workspace/install/movement/lib/python3.12/site-packages/movement/__init__.py to __init__.cpython-312.pyc
[1.614s] byte-compiling /workspace/install/movement/lib/python3.12/site-packages/movement/motor_utils.py to motor_utils.cpython-312.pyc
[1.615s] running install_data
[1.615s] creating /workspace/install/movement/share/ament_index
[1.616s] creating /workspace/install/movement/share/ament_index/resource_index
[1.616s] creating /workspace/install/movement/share/ament_index/resource_index/packages
[1.616s] copying resource/movement -> /workspace/install/movement/share/ament_index/resource_index/packages
[1.616s] copying package.xml -> /workspace/install/movement/share/movement
[1.616s] running install_egg_info
[1.638s] Copying ../../build/movement/movement.egg-info to /workspace/install/movement/lib/python3.12/site-packages/movement-0.0.0-py3.12.egg-info
[1.639s] running install_scripts
[1.781s] writing list of installed files to '/workspace/build/movement/install.log'
[1.861s] Invoked command in '/workspace/src/movement' returned '0': PYTHONPATH=/workspace/build/movement/prefix_override:/usr/lib/python3/dist-packages/colcon_core/task/python/colcon_distutils_commands:/workspace/install/movement/lib/python3.12/site-packages:${PYTHONPATH} /usr/bin/python3 -W ignore:setup.py install is deprecated -W ignore:easy_install command is deprecated setup.py egg_info --egg-base ../../build/movement build --build-base /workspace/build/movement/build install --record /workspace/build/movement/install.log --single-version-externally-managed install_data
