[4.217s] Invoking command in '/workspace/src/movement': PYTHONPATH=/workspace/build/movement/prefix_override:/usr/lib/python3/dist-packages/colcon_core/task/python/colcon_distutils_commands:/workspace/install/movement/lib/python3.12/site-packages:${PYTHONPATH} /usr/bin/python3 -W ignore:setup.py install is deprecated -W ignore:easy_install command is deprecated setup.py egg_info --egg-base ../../build/movement build --build-base /workspace/build/movement/build install --record /workspace/build/movement/install.log --single-version-externally-managed install_data
[5.567s] running egg_info
[5.661s] writing ../../build/movement/movement.egg-info/PKG-INFO
[5.662s] writing dependency_links to ../../build/movement/movement.egg-info/dependency_links.txt
[5.669s] writing entry points to ../../build/movement/movement.egg-info/entry_points.txt
[5.670s] writing requirements to ../../build/movement/movement.egg-info/requires.txt
[5.671s] writing top-level names to ../../build/movement/movement.egg-info/top_level.txt
[5.870s] reading manifest file '../../build/movement/movement.egg-info/SOURCES.txt'
[5.874s] writing manifest file '../../build/movement/movement.egg-info/SOURCES.txt'
[5.876s] running build
[5.876s] running build_py
[5.878s] copying movement/manual_control_node.py -> /workspace/build/movement/build/lib/movement
[5.879s] running install
[5.907s] running install_lib
[6.003s] copying /workspace/build/movement/build/lib/movement/manual_control_node.py -> /workspace/install/movement/lib/python3.12/site-packages/movement
[6.006s] byte-compiling /workspace/install/movement/lib/python3.12/site-packages/movement/manual_control_node.py to manual_control_node.cpython-312.pyc
[6.013s] running install_data
[6.013s] running install_egg_info
[6.116s] removing '/workspace/install/movement/lib/python3.12/site-packages/movement-0.0.0-py3.12.egg-info' (and everything under it)
[6.119s] Copying ../../build/movement/movement.egg-info to /workspace/install/movement/lib/python3.12/site-packages/movement-0.0.0-py3.12.egg-info
[6.126s] running install_scripts
[6.859s] Installing manual_control script to /workspace/install/movement/lib/movement
[6.861s] writing list of installed files to '/workspace/build/movement/install.log'
[7.018s] Invoked command in '/workspace/src/movement' returned '0': PYTHONPATH=/workspace/build/movement/prefix_override:/usr/lib/python3/dist-packages/colcon_core/task/python/colcon_distutils_commands:/workspace/install/movement/lib/python3.12/site-packages:${PYTHONPATH} /usr/bin/python3 -W ignore:setup.py install is deprecated -W ignore:easy_install command is deprecated setup.py egg_info --egg-base ../../build/movement build --build-base /workspace/build/movement/build install --record /workspace/build/movement/install.log --single-version-externally-managed install_data
