[0.100s] Invoking command in '/workspace/build/ldlidar_stl_ros2': CMAKE_PREFIX_PATH=${CMAKE_PREFIX_PATH}:/opt/ros/jazzy /usr/bin/cmake /workspace/src/ldlidar_stl_ros2 -DCMAKE_INSTALL_PREFIX=/workspace/install/ldlidar_stl_ros2
[1.895s] -- The C compiler identification is GNU 13.3.0
[2.830s] -- The CXX compiler identification is GNU 13.3.0
[2.977s] -- Detecting C compiler ABI info
[3.689s] -- Detecting C compiler ABI info - done
[3.734s] -- Check for working C compiler: /usr/bin/cc - skipped
[3.742s] -- Detecting C compile features
[3.745s] -- Detecting C compile features - done
[3.819s] -- Detecting CXX compiler ABI info
[4.452s] -- Detecting CXX compiler ABI info - done
[4.499s] -- Check for working CXX compiler: /usr/bin/c++ - skipped
[4.500s] -- Detecting CXX compile features
[4.502s] -- Detecting CXX compile features - done
[4.638s] -- Found ament_cmake: 2.5.5 (/opt/ros/jazzy/share/ament_cmake/cmake)
[5.643s] -- Found Python3: /usr/bin/python3 (found version "3.12.3") found components: Interpreter 
[6.946s] -- Found rclcpp: 28.1.16 (/opt/ros/jazzy/share/rclcpp/cmake)
[7.696s] -- Found rosidl_generator_c: 4.6.7 (/opt/ros/jazzy/share/rosidl_generator_c/cmake)
[7.918s] -- Found rosidl_generator_cpp: 4.6.7 (/opt/ros/jazzy/share/rosidl_generator_cpp/cmake)
[8.185s] -- Using all available rosidl_typesupport_c: rosidl_typesupport_fastrtps_c;rosidl_typesupport_introspection_c
[8.452s] -- Using all available rosidl_typesupport_cpp: rosidl_typesupport_fastrtps_cpp;rosidl_typesupport_introspection_cpp
[9.382s] -- Found rmw_implementation_cmake: 7.3.3 (/opt/ros/jazzy/share/rmw_implementation_cmake/cmake)
[9.450s] -- Found rmw_fastrtps_cpp: 8.4.3 (/opt/ros/jazzy/share/rmw_fastrtps_cpp/cmake)
[10.300s] -- Found OpenSSL: /usr/lib/aarch64-linux-gnu/libcrypto.so (found version "3.0.13")  
[10.436s] -- Found FastRTPS: /opt/ros/jazzy/include (Required is at least version "2.13") 
[10.557s] -- Using RMW implementation 'rmw_fastrtps_cpp' as default
[11.360s] -- Found sensor_msgs: 5.3.6 (/opt/ros/jazzy/share/sensor_msgs/cmake)
[11.863s] -- Found ament_lint_auto: 0.17.4 (/opt/ros/jazzy/share/ament_lint_auto/cmake)
[12.829s] -- Added test 'copyright' to check source files copyright and LICENSE
[12.882s] -- Added test 'cppcheck' to perform static code analysis on C / C++ code
[12.883s] -- Configured cppcheck include dirs: /workspace/src/ldlidar_stl_ros2/include;/workspace/src/ldlidar_stl_ros2/include/ldlidar_driver/include
[12.884s] -- Configured cppcheck exclude dirs and/or files: 
[12.944s] -- Added test 'cpplint' to check C / C++ code against the Google style
[12.944s] -- Configured cpplint exclude dirs and/or files: 
[12.962s] -- Added test 'flake8' to check Python code syntax and style conventions
[12.963s] -- Configured 'flake8' exclude dirs and/or files: 
[12.979s] -- Added test 'lint_cmake' to check CMake code style
[12.997s] -- Added test 'pep257' to check Python code against some of the docstring style conventions in PEP 257
[13.048s] -- Added test 'uncrustify' to check C / C++ code style
[13.049s] -- Configured uncrustify additional arguments: 
[13.066s] -- Added test 'xmllint' to check XML markup files
[13.091s] -- Configuring done (12.4s)
[13.193s] -- Generating done (0.0s)
[13.214s] -- Build files have been written to: /workspace/build/ldlidar_stl_ros2
[13.255s] Invoked command in '/workspace/build/ldlidar_stl_ros2' returned '0': CMAKE_PREFIX_PATH=${CMAKE_PREFIX_PATH}:/opt/ros/jazzy /usr/bin/cmake /workspace/src/ldlidar_stl_ros2 -DCMAKE_INSTALL_PREFIX=/workspace/install/ldlidar_stl_ros2
[13.262s] Invoking command in '/workspace/build/ldlidar_stl_ros2': CMAKE_PREFIX_PATH=${CMAKE_PREFIX_PATH}:/opt/ros/jazzy /usr/bin/cmake --build /workspace/build/ldlidar_stl_ros2 -- -j4 -l4
[13.605s] [ 20%] [32mBuilding CXX object CMakeFiles/ldlidar_stl_ros2_node.dir/src/demo.cpp.o[0m
[13.609s] [ 40%] [32mBuilding CXX object CMakeFiles/ldlidar_stl_ros2_node.dir/include/ldlidar_driver/cmd_interface_linux.cpp.o[0m
[13.625s] [ 60%] [32mBuilding CXX object CMakeFiles/ldlidar_stl_ros2_node.dir/include/ldlidar_driver/lipkg.cpp.o[0m
[13.629s] [ 80%] [32mBuilding CXX object CMakeFiles/ldlidar_stl_ros2_node.dir/include/ldlidar_driver/tofbf.cpp.o[0m
[38.067s] [100%] [32m[1mLinking CXX executable ldlidar_stl_ros2_node[0m
[39.734s] [100%] Built target ldlidar_stl_ros2_node
[39.804s] Invoked command in '/workspace/build/ldlidar_stl_ros2' returned '0': CMAKE_PREFIX_PATH=${CMAKE_PREFIX_PATH}:/opt/ros/jazzy /usr/bin/cmake --build /workspace/build/ldlidar_stl_ros2 -- -j4 -l4
[39.863s] Invoking command in '/workspace/build/ldlidar_stl_ros2': CMAKE_PREFIX_PATH=${CMAKE_PREFIX_PATH}:/opt/ros/jazzy /usr/bin/cmake --install /workspace/build/ldlidar_stl_ros2
[39.910s] -- Install configuration: ""
[39.912s] -- Installing: /workspace/install/ldlidar_stl_ros2/lib/ldlidar_stl_ros2/ldlidar_stl_ros2_node
[39.926s] -- Set non-toolchain portion of runtime path of "/workspace/install/ldlidar_stl_ros2/lib/ldlidar_stl_ros2/ldlidar_stl_ros2_node" to ""
[39.928s] -- Installing: /workspace/install/ldlidar_stl_ros2/share/ldlidar_stl_ros2//launch
[39.928s] -- Installing: /workspace/install/ldlidar_stl_ros2/share/ldlidar_stl_ros2//launch/ld19.launch.py
[39.936s] -- Installing: /workspace/install/ldlidar_stl_ros2/share/ldlidar_stl_ros2//launch/viewer_ld19.launch.py
[39.938s] -- Installing: /workspace/install/ldlidar_stl_ros2/share/ldlidar_stl_ros2//rviz2
[39.939s] -- Installing: /workspace/install/ldlidar_stl_ros2/share/ldlidar_stl_ros2//rviz2/ldlidar.rviz
[39.941s] -- Installing: /workspace/install/ldlidar_stl_ros2/share/ament_index/resource_index/package_run_dependencies/ldlidar_stl_ros2
[39.944s] -- Installing: /workspace/install/ldlidar_stl_ros2/share/ament_index/resource_index/parent_prefix_path/ldlidar_stl_ros2
[39.946s] -- Installing: /workspace/install/ldlidar_stl_ros2/share/ldlidar_stl_ros2/environment/ament_prefix_path.sh
[39.948s] -- Installing: /workspace/install/ldlidar_stl_ros2/share/ldlidar_stl_ros2/environment/ament_prefix_path.dsv
[39.949s] -- Installing: /workspace/install/ldlidar_stl_ros2/share/ldlidar_stl_ros2/environment/path.sh
[39.951s] -- Installing: /workspace/install/ldlidar_stl_ros2/share/ldlidar_stl_ros2/environment/path.dsv
[39.952s] -- Installing: /workspace/install/ldlidar_stl_ros2/share/ldlidar_stl_ros2/local_setup.bash
[39.953s] -- Installing: /workspace/install/ldlidar_stl_ros2/share/ldlidar_stl_ros2/local_setup.sh
[39.955s] -- Installing: /workspace/install/ldlidar_stl_ros2/share/ldlidar_stl_ros2/local_setup.zsh
[39.956s] -- Installing: /workspace/install/ldlidar_stl_ros2/share/ldlidar_stl_ros2/local_setup.dsv
[39.958s] -- Installing: /workspace/install/ldlidar_stl_ros2/share/ldlidar_stl_ros2/package.dsv
[39.959s] -- Installing: /workspace/install/ldlidar_stl_ros2/share/ament_index/resource_index/packages/ldlidar_stl_ros2
[39.961s] -- Installing: /workspace/install/ldlidar_stl_ros2/share/ldlidar_stl_ros2/cmake/ldlidar_stl_ros2Config.cmake
[39.962s] -- Installing: /workspace/install/ldlidar_stl_ros2/share/ldlidar_stl_ros2/cmake/ldlidar_stl_ros2Config-version.cmake
[39.964s] -- Installing: /workspace/install/ldlidar_stl_ros2/share/ldlidar_stl_ros2/package.xml
[39.972s] Invoked command in '/workspace/build/ldlidar_stl_ros2' returned '0': CMAKE_PREFIX_PATH=${CMAKE_PREFIX_PATH}:/opt/ros/jazzy /usr/bin/cmake --install /workspace/build/ldlidar_stl_ros2
