[0.576s] DEBUG:colcon:Command line arguments: ['/usr/bin/colcon', 'build', '--packages-select', 'movement']
[0.576s] DEBUG:colcon:Parsed command line arguments: Namespace(log_base=None, log_level=None, verb_name='build', build_base='build', install_base='install', merge_install=False, symlink_install=False, test_result_base=None, continue_on_error=False, executor='parallel', parallel_workers=4, event_handlers=None, ignore_user_meta=False, metas=['./colcon.meta'], base_paths=['.'], packages_ignore=None, packages_ignore_regex=None, paths=None, packages_up_to=None, packages_up_to_regex=None, packages_above=None, packages_above_and_dependencies=None, packages_above_depth=None, packages_select_by_dep=None, packages_skip_by_dep=None, packages_skip_up_to=None, packages_select_build_failed=False, packages_skip_build_finished=False, packages_select_test_failures=False, packages_skip_test_passed=False, packages_select=['movement'], packages_skip=None, packages_select_regex=None, packages_skip_regex=None, packages_start=None, packages_end=None, cmake_args=None, cmake_target=None, cmake_target_skip_unavailable=False, cmake_clean_cache=False, cmake_clean_first=False, cmake_force_configure=False, ament_cmake_args=None, catkin_cmake_args=None, catkin_skip_building_tests=False, mixin_files=None, mixin=None, verb_parser=<colcon_mixin.mixin.mixin_argument.MixinArgumentDecorator object at 0xffff8a350ad0>, verb_extension=<colcon_core.verb.build.BuildVerb object at 0xffff8a52ca40>, main=<bound method BuildVerb.main of <colcon_core.verb.build.BuildVerb object at 0xffff8a52ca40>>, mixin_verb=('build',))
[0.779s] Level 1:colcon.colcon_core.package_discovery:discover_packages(colcon_meta) check parameters
[0.782s] INFO:colcon.colcon_metadata.package_discovery.colcon_meta:Using configuration from '/root/.colcon/metadata/default/Gazebo.meta'
[0.784s] INFO:colcon.colcon_metadata.package_discovery.colcon_meta:Using configuration from '/root/.colcon/metadata/default/fastdds.meta'
[0.786s] INFO:colcon.colcon_metadata.package_discovery.colcon_meta:Using configuration from '/root/.colcon/metadata/default/fastrtps.meta'
[0.786s] Level 1:colcon.colcon_core.package_discovery:discover_packages(recursive) check parameters
[0.786s] Level 1:colcon.colcon_core.package_discovery:discover_packages(ignore) check parameters
[0.786s] Level 1:colcon.colcon_core.package_discovery:discover_packages(path) check parameters
[0.787s] Level 1:colcon.colcon_core.package_discovery:discover_packages(colcon_meta) discover
[0.787s] Level 1:colcon.colcon_core.package_discovery:discover_packages(recursive) discover
[0.787s] INFO:colcon.colcon_core.package_discovery:Crawling recursively for packages in '/workspace'
[0.788s] Level 1:colcon.colcon_core.package_identification:_identify(.) by extensions ['ignore', 'ignore_ament_install']
[0.788s] Level 1:colcon.colcon_core.package_identification:_identify(.) by extension 'ignore'
[0.789s] Level 1:colcon.colcon_core.package_identification:_identify(.) by extension 'ignore_ament_install'
[0.789s] Level 1:colcon.colcon_core.package_identification:_identify(.) by extensions ['colcon_pkg']
[0.789s] Level 1:colcon.colcon_core.package_identification:_identify(.) by extension 'colcon_pkg'
[0.789s] Level 1:colcon.colcon_core.package_identification:_identify(.) by extensions ['colcon_meta']
[0.789s] Level 1:colcon.colcon_core.package_identification:_identify(.) by extension 'colcon_meta'
[0.790s] Level 1:colcon.colcon_core.package_identification:_identify(.) by extensions ['ros']
[0.790s] Level 1:colcon.colcon_core.package_identification:_identify(.) by extension 'ros'
[0.912s] Level 1:colcon.colcon_core.package_identification:_identify(.) by extensions ['cmake', 'python']
[0.912s] Level 1:colcon.colcon_core.package_identification:_identify(.) by extension 'cmake'
[0.913s] Level 1:colcon.colcon_core.package_identification:_identify(.) by extension 'python'
[0.913s] Level 1:colcon.colcon_core.package_identification:_identify(.) by extensions ['python_setup_py']
[0.913s] Level 1:colcon.colcon_core.package_identification:_identify(.) by extension 'python_setup_py'
[0.914s] Level 1:colcon.colcon_core.package_identification:_identify(build) by extensions ['ignore', 'ignore_ament_install']
[0.914s] Level 1:colcon.colcon_core.package_identification:_identify(build) by extension 'ignore'
[0.915s] Level 1:colcon.colcon_core.package_identification:_identify(build) ignored
[0.915s] Level 1:colcon.colcon_core.package_identification:_identify(install) by extensions ['ignore', 'ignore_ament_install']
[0.916s] Level 1:colcon.colcon_core.package_identification:_identify(install) by extension 'ignore'
[0.916s] Level 1:colcon.colcon_core.package_identification:_identify(install) ignored
[0.917s] Level 1:colcon.colcon_core.package_identification:_identify(log) by extensions ['ignore', 'ignore_ament_install']
[0.918s] Level 1:colcon.colcon_core.package_identification:_identify(log) by extension 'ignore'
[0.918s] Level 1:colcon.colcon_core.package_identification:_identify(log) ignored
[0.919s] Level 1:colcon.colcon_core.package_identification:_identify(src) by extensions ['ignore', 'ignore_ament_install']
[0.919s] Level 1:colcon.colcon_core.package_identification:_identify(src) by extension 'ignore'
[0.920s] Level 1:colcon.colcon_core.package_identification:_identify(src) by extension 'ignore_ament_install'
[0.920s] Level 1:colcon.colcon_core.package_identification:_identify(src) by extensions ['colcon_pkg']
[0.920s] Level 1:colcon.colcon_core.package_identification:_identify(src) by extension 'colcon_pkg'
[0.920s] Level 1:colcon.colcon_core.package_identification:_identify(src) by extensions ['colcon_meta']
[0.920s] Level 1:colcon.colcon_core.package_identification:_identify(src) by extension 'colcon_meta'
[0.921s] Level 1:colcon.colcon_core.package_identification:_identify(src) by extensions ['ros']
[0.921s] Level 1:colcon.colcon_core.package_identification:_identify(src) by extension 'ros'
[0.921s] Level 1:colcon.colcon_core.package_identification:_identify(src) by extensions ['cmake', 'python']
[0.921s] Level 1:colcon.colcon_core.package_identification:_identify(src) by extension 'cmake'
[0.922s] Level 1:colcon.colcon_core.package_identification:_identify(src) by extension 'python'
[0.922s] Level 1:colcon.colcon_core.package_identification:_identify(src) by extensions ['python_setup_py']
[0.922s] Level 1:colcon.colcon_core.package_identification:_identify(src) by extension 'python_setup_py'
[0.923s] Level 1:colcon.colcon_core.package_identification:_identify(src/joystick_control) by extensions ['ignore', 'ignore_ament_install']
[0.923s] Level 1:colcon.colcon_core.package_identification:_identify(src/joystick_control) by extension 'ignore'
[0.923s] Level 1:colcon.colcon_core.package_identification:_identify(src/joystick_control) by extension 'ignore_ament_install'
[0.924s] Level 1:colcon.colcon_core.package_identification:_identify(src/joystick_control) by extensions ['colcon_pkg']
[0.924s] Level 1:colcon.colcon_core.package_identification:_identify(src/joystick_control) by extension 'colcon_pkg'
[0.924s] Level 1:colcon.colcon_core.package_identification:_identify(src/joystick_control) by extensions ['colcon_meta']
[0.924s] Level 1:colcon.colcon_core.package_identification:_identify(src/joystick_control) by extension 'colcon_meta'
[0.924s] Level 1:colcon.colcon_core.package_identification:_identify(src/joystick_control) by extensions ['ros']
[0.924s] Level 1:colcon.colcon_core.package_identification:_identify(src/joystick_control) by extension 'ros'
[0.935s] DEBUG:colcon.colcon_core.package_identification:Package 'src/joystick_control' with type 'ros.ament_python' and name 'joystick_control'
[0.936s] Level 1:colcon.colcon_core.package_identification:_identify(src/ldlidar_stl_ros2) by extensions ['ignore', 'ignore_ament_install']
[0.936s] Level 1:colcon.colcon_core.package_identification:_identify(src/ldlidar_stl_ros2) by extension 'ignore'
[0.937s] Level 1:colcon.colcon_core.package_identification:_identify(src/ldlidar_stl_ros2) by extension 'ignore_ament_install'
[0.937s] Level 1:colcon.colcon_core.package_identification:_identify(src/ldlidar_stl_ros2) by extensions ['colcon_pkg']
[0.938s] Level 1:colcon.colcon_core.package_identification:_identify(src/ldlidar_stl_ros2) by extension 'colcon_pkg'
[0.938s] Level 1:colcon.colcon_core.package_identification:_identify(src/ldlidar_stl_ros2) by extensions ['colcon_meta']
[0.938s] Level 1:colcon.colcon_core.package_identification:_identify(src/ldlidar_stl_ros2) by extension 'colcon_meta'
[0.938s] Level 1:colcon.colcon_core.package_identification:_identify(src/ldlidar_stl_ros2) by extensions ['ros']
[0.938s] Level 1:colcon.colcon_core.package_identification:_identify(src/ldlidar_stl_ros2) by extension 'ros'
[0.941s] DEBUG:colcon.colcon_core.package_identification:Package 'src/ldlidar_stl_ros2' with type 'ros.ament_cmake' and name 'ldlidar_stl_ros2'
[0.942s] Level 1:colcon.colcon_core.package_identification:_identify(src/movement) by extensions ['ignore', 'ignore_ament_install']
[0.942s] Level 1:colcon.colcon_core.package_identification:_identify(src/movement) by extension 'ignore'
[0.942s] Level 1:colcon.colcon_core.package_identification:_identify(src/movement) by extension 'ignore_ament_install'
[0.943s] Level 1:colcon.colcon_core.package_identification:_identify(src/movement) by extensions ['colcon_pkg']
[0.943s] Level 1:colcon.colcon_core.package_identification:_identify(src/movement) by extension 'colcon_pkg'
[0.943s] Level 1:colcon.colcon_core.package_identification:_identify(src/movement) by extensions ['colcon_meta']
[0.943s] Level 1:colcon.colcon_core.package_identification:_identify(src/movement) by extension 'colcon_meta'
[0.943s] Level 1:colcon.colcon_core.package_identification:_identify(src/movement) by extensions ['ros']
[0.943s] Level 1:colcon.colcon_core.package_identification:_identify(src/movement) by extension 'ros'
[0.946s] DEBUG:colcon.colcon_core.package_identification:Package 'src/movement' with type 'ros.ament_python' and name 'movement'
[0.946s] Level 1:colcon.colcon_core.package_identification:_identify(src/vision) by extensions ['ignore', 'ignore_ament_install']
[0.947s] Level 1:colcon.colcon_core.package_identification:_identify(src/vision) by extension 'ignore'
[0.947s] Level 1:colcon.colcon_core.package_identification:_identify(src/vision) by extension 'ignore_ament_install'
[0.948s] Level 1:colcon.colcon_core.package_identification:_identify(src/vision) by extensions ['colcon_pkg']
[0.948s] Level 1:colcon.colcon_core.package_identification:_identify(src/vision) by extension 'colcon_pkg'
[0.948s] Level 1:colcon.colcon_core.package_identification:_identify(src/vision) by extensions ['colcon_meta']
[0.948s] Level 1:colcon.colcon_core.package_identification:_identify(src/vision) by extension 'colcon_meta'
[0.948s] Level 1:colcon.colcon_core.package_identification:_identify(src/vision) by extensions ['ros']
[0.949s] Level 1:colcon.colcon_core.package_identification:_identify(src/vision) by extension 'ros'
[0.949s] Level 1:colcon.colcon_core.package_identification:_identify(src/vision) by extensions ['cmake', 'python']
[0.949s] Level 1:colcon.colcon_core.package_identification:_identify(src/vision) by extension 'cmake'
[0.949s] Level 1:colcon.colcon_core.package_identification:_identify(src/vision) by extension 'python'
[0.950s] Level 1:colcon.colcon_core.package_identification:_identify(src/vision) by extensions ['python_setup_py']
[0.950s] Level 1:colcon.colcon_core.package_identification:_identify(src/vision) by extension 'python_setup_py'
[0.950s] Level 1:colcon.colcon_core.package_identification:_identify(src/working_code) by extensions ['ignore', 'ignore_ament_install']
[0.951s] Level 1:colcon.colcon_core.package_identification:_identify(src/working_code) by extension 'ignore'
[0.951s] Level 1:colcon.colcon_core.package_identification:_identify(src/working_code) by extension 'ignore_ament_install'
[0.951s] Level 1:colcon.colcon_core.package_identification:_identify(src/working_code) by extensions ['colcon_pkg']
[0.951s] Level 1:colcon.colcon_core.package_identification:_identify(src/working_code) by extension 'colcon_pkg'
[0.952s] Level 1:colcon.colcon_core.package_identification:_identify(src/working_code) by extensions ['colcon_meta']
[0.952s] Level 1:colcon.colcon_core.package_identification:_identify(src/working_code) by extension 'colcon_meta'
[0.952s] Level 1:colcon.colcon_core.package_identification:_identify(src/working_code) by extensions ['ros']
[0.952s] Level 1:colcon.colcon_core.package_identification:_identify(src/working_code) by extension 'ros'
[0.953s] Level 1:colcon.colcon_core.package_identification:_identify(src/working_code) by extensions ['cmake', 'python']
[0.953s] Level 1:colcon.colcon_core.package_identification:_identify(src/working_code) by extension 'cmake'
[0.953s] Level 1:colcon.colcon_core.package_identification:_identify(src/working_code) by extension 'python'
[0.953s] Level 1:colcon.colcon_core.package_identification:_identify(src/working_code) by extensions ['python_setup_py']
[0.953s] Level 1:colcon.colcon_core.package_identification:_identify(src/working_code) by extension 'python_setup_py'
[0.954s] Level 1:colcon.colcon_core.package_discovery:discover_packages(recursive) using defaults
[0.954s] Level 1:colcon.colcon_core.package_discovery:discover_packages(ignore) discover
[0.954s] Level 1:colcon.colcon_core.package_discovery:discover_packages(ignore) using defaults
[0.954s] Level 1:colcon.colcon_core.package_discovery:discover_packages(path) discover
[0.954s] Level 1:colcon.colcon_core.package_discovery:discover_packages(path) using defaults
[1.035s] INFO:colcon.colcon_core.package_selection:Skipping not selected package 'joystick_control' in 'src/joystick_control'
[1.036s] INFO:colcon.colcon_core.package_selection:Skipping not selected package 'ldlidar_stl_ros2' in 'src/ldlidar_stl_ros2'
[1.037s] Level 5:colcon.colcon_core.verb:set package 'movement' build argument 'cmake_args' from command line to 'None'
[1.037s] Level 5:colcon.colcon_core.verb:set package 'movement' build argument 'cmake_target' from command line to 'None'
[1.038s] Level 5:colcon.colcon_core.verb:set package 'movement' build argument 'cmake_target_skip_unavailable' from command line to 'False'
[1.038s] Level 5:colcon.colcon_core.verb:set package 'movement' build argument 'cmake_clean_cache' from command line to 'False'
[1.038s] Level 5:colcon.colcon_core.verb:set package 'movement' build argument 'cmake_clean_first' from command line to 'False'
[1.038s] Level 5:colcon.colcon_core.verb:set package 'movement' build argument 'cmake_force_configure' from command line to 'False'
[1.038s] Level 5:colcon.colcon_core.verb:set package 'movement' build argument 'ament_cmake_args' from command line to 'None'
[1.038s] Level 5:colcon.colcon_core.verb:set package 'movement' build argument 'catkin_cmake_args' from command line to 'None'
[1.038s] Level 5:colcon.colcon_core.verb:set package 'movement' build argument 'catkin_skip_building_tests' from command line to 'False'
[1.039s] DEBUG:colcon.colcon_core.verb:Building package 'movement' with the following arguments: {'ament_cmake_args': None, 'build_base': '/workspace/build/movement', 'catkin_cmake_args': None, 'catkin_skip_building_tests': False, 'cmake_args': None, 'cmake_clean_cache': False, 'cmake_clean_first': False, 'cmake_force_configure': False, 'cmake_target': None, 'cmake_target_skip_unavailable': False, 'install_base': '/workspace/install/movement', 'merge_install': False, 'path': '/workspace/src/movement', 'symlink_install': False, 'test_result_base': None}
[1.039s] INFO:colcon.colcon_core.executor:Executing jobs using 'parallel' executor
[1.043s] DEBUG:colcon.colcon_parallel_executor.executor.parallel:run_until_complete
[1.045s] INFO:colcon.colcon_ros.task.ament_python.build:Building ROS package in '/workspace/src/movement' with build type 'ament_python'
[1.046s] Level 1:colcon.colcon_core.shell:create_environment_hook('movement', 'ament_prefix_path')
[1.058s] INFO:colcon.colcon_core.plugin_system:Skipping extension 'colcon_core.shell.bat': Not used on non-Windows systems
[1.059s] INFO:colcon.colcon_core.shell:Creating environment hook '/workspace/install/movement/share/movement/hook/ament_prefix_path.ps1'
[1.063s] INFO:colcon.colcon_core.shell:Creating environment descriptor '/workspace/install/movement/share/movement/hook/ament_prefix_path.dsv'
[1.070s] INFO:colcon.colcon_core.shell:Creating environment hook '/workspace/install/movement/share/movement/hook/ament_prefix_path.sh'
[1.073s] INFO:colcon.colcon_core.shell:Skip shell extension 'powershell' for command environment: Not usable outside of PowerShell
[1.073s] DEBUG:colcon.colcon_core.shell:Skip shell extension 'dsv' for command environment
[2.205s] INFO:colcon.colcon_core.task.python.build:Building Python package in '/workspace/src/movement'
[2.206s] INFO:colcon.colcon_core.shell:Skip shell extension 'powershell' for command environment: Not usable outside of PowerShell
[2.206s] DEBUG:colcon.colcon_core.shell:Skip shell extension 'dsv' for command environment
[5.219s] DEBUG:colcon.colcon_core.event_handler.log_command:Invoking command in '/workspace/src/movement': PYTHONPATH=/workspace/build/movement/prefix_override:/usr/lib/python3/dist-packages/colcon_core/task/python/colcon_distutils_commands:/workspace/install/movement/lib/python3.12/site-packages:${PYTHONPATH} /usr/bin/python3 -W ignore:setup.py install is deprecated -W ignore:easy_install command is deprecated setup.py egg_info --egg-base ../../build/movement build --build-base /workspace/build/movement/build install --record /workspace/build/movement/install.log --single-version-externally-managed install_data
[7.974s] DEBUG:colcon.colcon_core.event_handler.log_command:Invoked command in '/workspace/src/movement' returned '0': PYTHONPATH=/workspace/build/movement/prefix_override:/usr/lib/python3/dist-packages/colcon_core/task/python/colcon_distutils_commands:/workspace/install/movement/lib/python3.12/site-packages:${PYTHONPATH} /usr/bin/python3 -W ignore:setup.py install is deprecated -W ignore:easy_install command is deprecated setup.py egg_info --egg-base ../../build/movement build --build-base /workspace/build/movement/build install --record /workspace/build/movement/install.log --single-version-externally-managed install_data
[7.986s] Level 1:colcon.colcon_core.environment:checking '/workspace/install/movement' for CMake module files
[7.990s] Level 1:colcon.colcon_core.environment:checking '/workspace/install/movement' for CMake config files
[7.994s] Level 1:colcon.colcon_core.environment:checking '/workspace/install/movement/lib'
[7.995s] Level 1:colcon.colcon_core.environment:checking '/workspace/install/movement/bin'
[7.996s] Level 1:colcon.colcon_core.environment:checking '/workspace/install/movement/lib/pkgconfig/movement.pc'
[7.997s] Level 1:colcon.colcon_core.environment:checking '/workspace/install/movement/lib/python3.12/site-packages'
[7.998s] Level 1:colcon.colcon_core.shell:create_environment_hook('movement', 'pythonpath')
[7.998s] INFO:colcon.colcon_core.shell:Creating environment hook '/workspace/install/movement/share/movement/hook/pythonpath.ps1'
[8.001s] INFO:colcon.colcon_core.shell:Creating environment descriptor '/workspace/install/movement/share/movement/hook/pythonpath.dsv'
[8.008s] INFO:colcon.colcon_core.shell:Creating environment hook '/workspace/install/movement/share/movement/hook/pythonpath.sh'
[8.011s] Level 1:colcon.colcon_core.environment:checking '/workspace/install/movement/bin'
[8.012s] Level 1:colcon.colcon_core.environment:create_environment_scripts_only(movement)
[8.013s] INFO:colcon.colcon_core.shell:Creating package script '/workspace/install/movement/share/movement/package.ps1'
[8.017s] INFO:colcon.colcon_core.shell:Creating package descriptor '/workspace/install/movement/share/movement/package.dsv'
[8.021s] INFO:colcon.colcon_core.shell:Creating package script '/workspace/install/movement/share/movement/package.sh'
[8.030s] INFO:colcon.colcon_core.shell:Creating package script '/workspace/install/movement/share/movement/package.bash'
[8.033s] INFO:colcon.colcon_core.shell:Creating package script '/workspace/install/movement/share/movement/package.zsh'
[8.036s] Level 1:colcon.colcon_core.environment:create_file_with_runtime_dependencies(/workspace/install/movement/share/colcon-core/packages/movement)
[8.037s] DEBUG:colcon.colcon_parallel_executor.executor.parallel:closing loop
[8.040s] DEBUG:colcon.colcon_parallel_executor.executor.parallel:loop closed
[8.040s] DEBUG:colcon.colcon_parallel_executor.executor.parallel:run_until_complete finished with '0'
[8.040s] DEBUG:colcon.colcon_core.event_reactor:joining thread
[8.067s] INFO:colcon.colcon_core.plugin_system:Skipping extension 'colcon_notification.desktop_notification.notify_send': Could not find 'notify-send'
[8.068s] INFO:colcon.colcon_core.plugin_system:Skipping extension 'colcon_notification.desktop_notification.terminal_notifier': Not used on non-Darwin systems
[8.068s] INFO:colcon.colcon_core.plugin_system:Skipping extension 'colcon_notification.desktop_notification.win32': Not used on non-Windows systems
[8.068s] INFO:colcon.colcon_notification.desktop_notification:Sending desktop notification using 'notify2'
[8.069s] DEBUG:colcon.colcon_notification.desktop_notification.notify2:Failed to initialize notify2: org.freedesktop.DBus.Error.NotSupported: Unable to autolaunch a dbus-daemon without a $DISPLAY for X11
[8.069s] DEBUG:colcon.colcon_core.event_reactor:joined thread
[8.070s] INFO:colcon.colcon_core.shell:Creating prefix script '/workspace/install/local_setup.ps1'
[8.073s] INFO:colcon.colcon_core.shell:Creating prefix util module '/workspace/install/_local_setup_util_ps1.py'
[8.080s] INFO:colcon.colcon_core.shell:Creating prefix chain script '/workspace/install/setup.ps1'
[8.087s] INFO:colcon.colcon_core.shell:Creating prefix script '/workspace/install/local_setup.sh'
[8.090s] INFO:colcon.colcon_core.shell:Creating prefix util module '/workspace/install/_local_setup_util_sh.py'
[8.093s] INFO:colcon.colcon_core.shell:Creating prefix chain script '/workspace/install/setup.sh'
[8.099s] INFO:colcon.colcon_core.shell:Creating prefix script '/workspace/install/local_setup.bash'
[8.101s] INFO:colcon.colcon_core.shell:Creating prefix chain script '/workspace/install/setup.bash'
[8.106s] INFO:colcon.colcon_core.shell:Creating prefix script '/workspace/install/local_setup.zsh'
[8.109s] INFO:colcon.colcon_core.shell:Creating prefix chain script '/workspace/install/setup.zsh'
