[4.005s] Invoking command in '/workspace/src/movement': PYTHONPATH=/workspace/build/movement/prefix_override:/usr/lib/python3/dist-packages/colcon_core/task/python/colcon_distutils_commands:/workspace/install/movement/lib/python3.12/site-packages:${PYTHONPATH} /usr/bin/python3 -W ignore:setup.py install is deprecated -W ignore:easy_install command is deprecated setup.py egg_info --egg-base ../../build/movement build --build-base /workspace/build/movement/build install --record /workspace/build/movement/install.log --single-version-externally-managed install_data
[5.290s] running egg_info
[5.379s] writing ../../build/movement/movement.egg-info/PKG-INFO
[5.380s] writing dependency_links to ../../build/movement/movement.egg-info/dependency_links.txt
[5.387s] writing entry points to ../../build/movement/movement.egg-info/entry_points.txt
[5.388s] writing requirements to ../../build/movement/movement.egg-info/requires.txt
[5.389s] writing top-level names to ../../build/movement/movement.egg-info/top_level.txt
[5.572s] reading manifest file '../../build/movement/movement.egg-info/SOURCES.txt'
[5.577s] writing manifest file '../../build/movement/movement.egg-info/SOURCES.txt'
[5.578s] running build
[5.578s] running build_py
[5.580s] running install
[5.608s] running install_lib
[5.700s] running install_data
[5.701s] running install_egg_info
[5.798s] removing '/workspace/install/movement/lib/python3.12/site-packages/movement-0.0.0-py3.12.egg-info' (and everything under it)
[5.800s] Copying ../../build/movement/movement.egg-info to /workspace/install/movement/lib/python3.12/site-packages/movement-0.0.0-py3.12.egg-info
[5.806s] running install_scripts
[6.527s] Installing manual_control script to /workspace/install/movement/lib/movement
[6.529s] writing list of installed files to '/workspace/build/movement/install.log'
[6.680s] Invoked command in '/workspace/src/movement' returned '0': PYTHONPATH=/workspace/build/movement/prefix_override:/usr/lib/python3/dist-packages/colcon_core/task/python/colcon_distutils_commands:/workspace/install/movement/lib/python3.12/site-packages:${PYTHONPATH} /usr/bin/python3 -W ignore:setup.py install is deprecated -W ignore:easy_install command is deprecated setup.py egg_info --egg-base ../../build/movement build --build-base /workspace/build/movement/build install --record /workspace/build/movement/install.log --single-version-externally-managed install_data
