[1.232s] Invoking command in '/workspace/src/joystick_control': PYTHONPATH=/workspace/build/joystick_control/prefix_override:/usr/lib/python3/dist-packages/colcon_core/task/python/colcon_distutils_commands:/workspace/install/joystick_control/lib/python3.12/site-packages:${PYTHONPATH} /usr/bin/python3 -W ignore:setup.py install is deprecated -W ignore:easy_install command is deprecated setup.py egg_info --egg-base ../../build/joystick_control build --build-base /workspace/build/joystick_control/build install --record /workspace/build/joystick_control/install.log --single-version-externally-managed install_data
[1.525s] running egg_info
[1.525s] creating ../../build/joystick_control/joystick_control.egg-info
[1.544s] writing ../../build/joystick_control/joystick_control.egg-info/PKG-INFO
[1.545s] writing dependency_links to ../../build/joystick_control/joystick_control.egg-info/dependency_links.txt
[1.545s] writing entry points to ../../build/joystick_control/joystick_control.egg-info/entry_points.txt
[1.545s] writing requirements to ../../build/joystick_control/joystick_control.egg-info/requires.txt
[1.545s] writing top-level names to ../../build/joystick_control/joystick_control.egg-info/top_level.txt
[1.545s] writing manifest file '../../build/joystick_control/joystick_control.egg-info/SOURCES.txt'
[1.582s] reading manifest file '../../build/joystick_control/joystick_control.egg-info/SOURCES.txt'
[1.583s] writing manifest file '../../build/joystick_control/joystick_control.egg-info/SOURCES.txt'
[1.583s] running build
[1.584s] running build_py
[1.584s] creating /workspace/build/joystick_control/build
[1.584s] creating /workspace/build/joystick_control/build/lib
[1.584s] creating /workspace/build/joystick_control/build/lib/joystick_control
[1.585s] copying joystick_control/__init__.py -> /workspace/build/joystick_control/build/lib/joystick_control
[1.585s] copying joystick_control/joystick_node.py -> /workspace/build/joystick_control/build/lib/joystick_control
[1.585s] running install
[1.593s] running install_lib
[1.612s] creating /workspace/install/joystick_control/lib/python3.12/site-packages/joystick_control
[1.612s] copying /workspace/build/joystick_control/build/lib/joystick_control/__init__.py -> /workspace/install/joystick_control/lib/python3.12/site-packages/joystick_control
[1.612s] copying /workspace/build/joystick_control/build/lib/joystick_control/joystick_node.py -> /workspace/install/joystick_control/lib/python3.12/site-packages/joystick_control
[1.613s] byte-compiling /workspace/install/joystick_control/lib/python3.12/site-packages/joystick_control/__init__.py to __init__.cpython-312.pyc
[1.613s] byte-compiling /workspace/install/joystick_control/lib/python3.12/site-packages/joystick_control/joystick_node.py to joystick_node.cpython-312.pyc
[1.615s] running install_data
[1.615s] creating /workspace/install/joystick_control/share/ament_index
[1.615s] creating /workspace/install/joystick_control/share/ament_index/resource_index
[1.615s] creating /workspace/install/joystick_control/share/ament_index/resource_index/packages
[1.615s] copying resource/joystick_control -> /workspace/install/joystick_control/share/ament_index/resource_index/packages
[1.615s] copying package.xml -> /workspace/install/joystick_control/share/joystick_control
[1.615s] running install_egg_info
[1.637s] Copying ../../build/joystick_control/joystick_control.egg-info to /workspace/install/joystick_control/lib/python3.12/site-packages/joystick_control-0.0.0-py3.12.egg-info
[1.638s] running install_scripts
[1.776s] Installing joystick_node script to /workspace/install/joystick_control/lib/joystick_control
[1.777s] writing list of installed files to '/workspace/build/joystick_control/install.log'
[1.857s] Invoked command in '/workspace/src/joystick_control' returned '0': PYTHONPATH=/workspace/build/joystick_control/prefix_override:/usr/lib/python3/dist-packages/colcon_core/task/python/colcon_distutils_commands:/workspace/install/joystick_control/lib/python3.12/site-packages:${PYTHONPATH} /usr/bin/python3 -W ignore:setup.py install is deprecated -W ignore:easy_install command is deprecated setup.py egg_info --egg-base ../../build/joystick_control build --build-base /workspace/build/joystick_control/build install --record /workspace/build/joystick_control/install.log --single-version-externally-managed install_data
