[0.942s] Invoking command in '/workspace/src/movement': PYTHONPATH=/workspace/build/movement/prefix_override:/usr/lib/python3/dist-packages/colcon_core/task/python/colcon_distutils_commands:/workspace/install/movement/lib/python3.12/site-packages:${PYTHONPATH} /usr/bin/python3 -W ignore:setup.py install is deprecated -W ignore:easy_install command is deprecated setup.py egg_info --egg-base ../../build/movement build --build-base /workspace/build/movement/build install --record /workspace/build/movement/install.log --single-version-externally-managed install_data
[1.221s] running egg_info
[1.240s] writing ../../build/movement/movement.egg-info/PKG-INFO
[1.240s] writing dependency_links to ../../build/movement/movement.egg-info/dependency_links.txt
[1.247s] writing entry points to ../../build/movement/movement.egg-info/entry_points.txt
[1.247s] writing requirements to ../../build/movement/movement.egg-info/requires.txt
[1.247s] writing top-level names to ../../build/movement/movement.egg-info/top_level.txt
[1.286s] reading manifest file '../../build/movement/movement.egg-info/SOURCES.txt'
[1.287s] writing manifest file '../../build/movement/movement.egg-info/SOURCES.txt'
[1.287s] running build
[1.287s] running build_py
[1.288s] running install
[1.296s] running install_lib
[1.316s] running install_data
[1.316s] running install_egg_info
[1.336s] removing '/workspace/install/movement/lib/python3.12/site-packages/movement-0.0.0-py3.12.egg-info' (and everything under it)
[1.336s] Copying ../../build/movement/movement.egg-info to /workspace/install/movement/lib/python3.12/site-packages/movement-0.0.0-py3.12.egg-info
[1.337s] running install_scripts
[1.470s] Installing manual_control script to /workspace/install/movement/lib/movement
[1.471s] writing list of installed files to '/workspace/build/movement/install.log'
[1.535s] Invoked command in '/workspace/src/movement' returned '0': PYTHONPATH=/workspace/build/movement/prefix_override:/usr/lib/python3/dist-packages/colcon_core/task/python/colcon_distutils_commands:/workspace/install/movement/lib/python3.12/site-packages:${PYTHONPATH} /usr/bin/python3 -W ignore:setup.py install is deprecated -W ignore:easy_install command is deprecated setup.py egg_info --egg-base ../../build/movement build --build-base /workspace/build/movement/build install --record /workspace/build/movement/install.log --single-version-externally-managed install_data
