running egg_info
writing ../../build/movement/movement.egg-info/PKG-INFO
writing dependency_links to ../../build/movement/movement.egg-info/dependency_links.txt
writing entry points to ../../build/movement/movement.egg-info/entry_points.txt
writing requirements to ../../build/movement/movement.egg-info/requires.txt
writing top-level names to ../../build/movement/movement.egg-info/top_level.txt
reading manifest file '../../build/movement/movement.egg-info/SOURCES.txt'
writing manifest file '../../build/movement/movement.egg-info/SOURCES.txt'
running build
running build_py
copying movement/motor_utils.py -> /workspace/build/movement/build/lib/movement
running install
running install_lib
copying /workspace/build/movement/build/lib/movement/motor_utils.py -> /workspace/install/movement/lib/python3.12/site-packages/movement
byte-compiling /workspace/install/movement/lib/python3.12/site-packages/movement/motor_utils.py to motor_utils.cpython-312.pyc
running install_data
running install_egg_info
removing '/workspace/install/movement/lib/python3.12/site-packages/movement-0.0.0-py3.12.egg-info' (and everything under it)
Copying ../../build/movement/movement.egg-info to /workspace/install/movement/lib/python3.12/site-packages/movement-0.0.0-py3.12.egg-info
running install_scripts
Installing manual_control script to /workspace/install/movement/lib/movement
writing list of installed files to '/workspace/build/movement/install.log'
