[4.167s] Invoking command in '/workspace/src/movement': PYTHONPATH=/workspace/build/movement/prefix_override:/usr/lib/python3/dist-packages/colcon_core/task/python/colcon_distutils_commands:/workspace/install/movement/lib/python3.12/site-packages:${PYTHONPATH} /usr/bin/python3 -W ignore:setup.py install is deprecated -W ignore:easy_install command is deprecated setup.py egg_info --egg-base ../../build/movement build --build-base /workspace/build/movement/build install --record /workspace/build/movement/install.log --single-version-externally-managed install_data
[5.515s] running egg_info
[5.611s] writing ../../build/movement/movement.egg-info/PKG-INFO
[5.612s] writing dependency_links to ../../build/movement/movement.egg-info/dependency_links.txt
[5.620s] writing entry points to ../../build/movement/movement.egg-info/entry_points.txt
[5.622s] writing requirements to ../../build/movement/movement.egg-info/requires.txt
[5.623s] writing top-level names to ../../build/movement/movement.egg-info/top_level.txt
[5.822s] reading manifest file '../../build/movement/movement.egg-info/SOURCES.txt'
[5.826s] writing manifest file '../../build/movement/movement.egg-info/SOURCES.txt'
[5.827s] running build
[5.827s] running build_py
[5.829s] running install
[5.858s] running install_lib
[5.959s] running install_data
[5.959s] running install_egg_info
[6.066s] removing '/workspace/install/movement/lib/python3.12/site-packages/movement-0.0.0-py3.12.egg-info' (and everything under it)
[6.068s] Copying ../../build/movement/movement.egg-info to /workspace/install/movement/lib/python3.12/site-packages/movement-0.0.0-py3.12.egg-info
[6.075s] running install_scripts
[6.809s] Installing manual_control script to /workspace/install/movement/lib/movement
[6.811s] writing list of installed files to '/workspace/build/movement/install.log'
[6.967s] Invoked command in '/workspace/src/movement' returned '0': PYTHONPATH=/workspace/build/movement/prefix_override:/usr/lib/python3/dist-packages/colcon_core/task/python/colcon_distutils_commands:/workspace/install/movement/lib/python3.12/site-packages:${PYTHONPATH} /usr/bin/python3 -W ignore:setup.py install is deprecated -W ignore:easy_install command is deprecated setup.py egg_info --egg-base ../../build/movement build --build-base /workspace/build/movement/build install --record /workspace/build/movement/install.log --single-version-externally-managed install_data
