[1.470s] DEBUG:colcon:Command line arguments: ['/usr/bin/colcon', 'build', '--packages-select', 'ldlidar_stl_ros2']
[1.470s] DEBUG:colcon:Parsed command line arguments: Namespace(log_base=None, log_level=None, verb_name='build', build_base='build', install_base='install', merge_install=False, symlink_install=False, test_result_base=None, continue_on_error=False, executor='parallel', parallel_workers=4, event_handlers=None, ignore_user_meta=False, metas=['./colcon.meta'], base_paths=['.'], packages_ignore=None, packages_ignore_regex=None, paths=None, packages_up_to=None, packages_up_to_regex=None, packages_above=None, packages_above_and_dependencies=None, packages_above_depth=None, packages_select_by_dep=None, packages_skip_by_dep=None, packages_skip_up_to=None, packages_select_build_failed=False, packages_skip_build_finished=False, packages_select_test_failures=False, packages_skip_test_passed=False, packages_select=['ldlidar_stl_ros2'], packages_skip=None, packages_select_regex=None, packages_skip_regex=None, packages_start=None, packages_end=None, cmake_args=None, cmake_target=None, cmake_target_skip_unavailable=False, cmake_clean_cache=False, cmake_clean_first=False, cmake_force_configure=False, ament_cmake_args=None, catkin_cmake_args=None, catkin_skip_building_tests=False, mixin_files=None, mixin=None, verb_parser=<colcon_mixin.mixin.mixin_argument.MixinArgumentDecorator object at 0xffff97f00620>, verb_extension=<colcon_core.verb.build.BuildVerb object at 0xffff980dc560>, main=<bound method BuildVerb.main of <colcon_core.verb.build.BuildVerb object at 0xffff980dc560>>, mixin_verb=('build',))
[1.843s] Level 1:colcon.colcon_core.package_discovery:discover_packages(colcon_meta) check parameters
[1.848s] INFO:colcon.colcon_metadata.package_discovery.colcon_meta:Using configuration from '/root/.colcon/metadata/default/Gazebo.meta'
[1.851s] INFO:colcon.colcon_metadata.package_discovery.colcon_meta:Using configuration from '/root/.colcon/metadata/default/fastdds.meta'
[1.854s] INFO:colcon.colcon_metadata.package_discovery.colcon_meta:Using configuration from '/root/.colcon/metadata/default/fastrtps.meta'
[1.855s] Level 1:colcon.colcon_core.package_discovery:discover_packages(recursive) check parameters
[1.855s] Level 1:colcon.colcon_core.package_discovery:discover_packages(ignore) check parameters
[1.855s] Level 1:colcon.colcon_core.package_discovery:discover_packages(path) check parameters
[1.855s] Level 1:colcon.colcon_core.package_discovery:discover_packages(colcon_meta) discover
[1.856s] Level 1:colcon.colcon_core.package_discovery:discover_packages(recursive) discover
[1.856s] INFO:colcon.colcon_core.package_discovery:Crawling recursively for packages in '/workspace'
[1.857s] Level 1:colcon.colcon_core.package_identification:_identify(.) by extensions ['ignore', 'ignore_ament_install']
[1.858s] Level 1:colcon.colcon_core.package_identification:_identify(.) by extension 'ignore'
[1.858s] Level 1:colcon.colcon_core.package_identification:_identify(.) by extension 'ignore_ament_install'
[1.859s] Level 1:colcon.colcon_core.package_identification:_identify(.) by extensions ['colcon_pkg']
[1.859s] Level 1:colcon.colcon_core.package_identification:_identify(.) by extension 'colcon_pkg'
[1.860s] Level 1:colcon.colcon_core.package_identification:_identify(.) by extensions ['colcon_meta']
[1.860s] Level 1:colcon.colcon_core.package_identification:_identify(.) by extension 'colcon_meta'
[1.860s] Level 1:colcon.colcon_core.package_identification:_identify(.) by extensions ['ros']
[1.860s] Level 1:colcon.colcon_core.package_identification:_identify(.) by extension 'ros'
[2.066s] Level 1:colcon.colcon_core.package_identification:_identify(.) by extensions ['cmake', 'python']
[2.066s] Level 1:colcon.colcon_core.package_identification:_identify(.) by extension 'cmake'
[2.067s] Level 1:colcon.colcon_core.package_identification:_identify(.) by extension 'python'
[2.067s] Level 1:colcon.colcon_core.package_identification:_identify(.) by extensions ['python_setup_py']
[2.067s] Level 1:colcon.colcon_core.package_identification:_identify(.) by extension 'python_setup_py'
[2.068s] Level 1:colcon.colcon_core.package_identification:_identify(build) by extensions ['ignore', 'ignore_ament_install']
[2.068s] Level 1:colcon.colcon_core.package_identification:_identify(build) by extension 'ignore'
[2.069s] Level 1:colcon.colcon_core.package_identification:_identify(build) ignored
[2.070s] Level 1:colcon.colcon_core.package_identification:_identify(install) by extensions ['ignore', 'ignore_ament_install']
[2.070s] Level 1:colcon.colcon_core.package_identification:_identify(install) by extension 'ignore'
[2.070s] Level 1:colcon.colcon_core.package_identification:_identify(install) ignored
[2.071s] Level 1:colcon.colcon_core.package_identification:_identify(log) by extensions ['ignore', 'ignore_ament_install']
[2.071s] Level 1:colcon.colcon_core.package_identification:_identify(log) by extension 'ignore'
[2.072s] Level 1:colcon.colcon_core.package_identification:_identify(log) ignored
[2.072s] Level 1:colcon.colcon_core.package_identification:_identify(src) by extensions ['ignore', 'ignore_ament_install']
[2.073s] Level 1:colcon.colcon_core.package_identification:_identify(src) by extension 'ignore'
[2.073s] Level 1:colcon.colcon_core.package_identification:_identify(src) by extension 'ignore_ament_install'
[2.073s] Level 1:colcon.colcon_core.package_identification:_identify(src) by extensions ['colcon_pkg']
[2.073s] Level 1:colcon.colcon_core.package_identification:_identify(src) by extension 'colcon_pkg'
[2.074s] Level 1:colcon.colcon_core.package_identification:_identify(src) by extensions ['colcon_meta']
[2.074s] Level 1:colcon.colcon_core.package_identification:_identify(src) by extension 'colcon_meta'
[2.074s] Level 1:colcon.colcon_core.package_identification:_identify(src) by extensions ['ros']
[2.074s] Level 1:colcon.colcon_core.package_identification:_identify(src) by extension 'ros'
[2.075s] Level 1:colcon.colcon_core.package_identification:_identify(src) by extensions ['cmake', 'python']
[2.075s] Level 1:colcon.colcon_core.package_identification:_identify(src) by extension 'cmake'
[2.075s] Level 1:colcon.colcon_core.package_identification:_identify(src) by extension 'python'
[2.076s] Level 1:colcon.colcon_core.package_identification:_identify(src) by extensions ['python_setup_py']
[2.076s] Level 1:colcon.colcon_core.package_identification:_identify(src) by extension 'python_setup_py'
[2.076s] Level 1:colcon.colcon_core.package_identification:_identify(src/joystick_control) by extensions ['ignore', 'ignore_ament_install']
[2.077s] Level 1:colcon.colcon_core.package_identification:_identify(src/joystick_control) by extension 'ignore'
[2.077s] Level 1:colcon.colcon_core.package_identification:_identify(src/joystick_control) by extension 'ignore_ament_install'
[2.078s] Level 1:colcon.colcon_core.package_identification:_identify(src/joystick_control) by extensions ['colcon_pkg']
[2.078s] Level 1:colcon.colcon_core.package_identification:_identify(src/joystick_control) by extension 'colcon_pkg'
[2.078s] Level 1:colcon.colcon_core.package_identification:_identify(src/joystick_control) by extensions ['colcon_meta']
[2.078s] Level 1:colcon.colcon_core.package_identification:_identify(src/joystick_control) by extension 'colcon_meta'
[2.078s] Level 1:colcon.colcon_core.package_identification:_identify(src/joystick_control) by extensions ['ros']
[2.079s] Level 1:colcon.colcon_core.package_identification:_identify(src/joystick_control) by extension 'ros'
[2.100s] DEBUG:colcon.colcon_core.package_identification:Package 'src/joystick_control' with type 'ros.ament_python' and name 'joystick_control'
[2.101s] Level 1:colcon.colcon_core.package_identification:_identify(src/ldlidar_stl_ros2) by extensions ['ignore', 'ignore_ament_install']
[2.102s] Level 1:colcon.colcon_core.package_identification:_identify(src/ldlidar_stl_ros2) by extension 'ignore'
[2.102s] Level 1:colcon.colcon_core.package_identification:_identify(src/ldlidar_stl_ros2) by extension 'ignore_ament_install'
[2.102s] Level 1:colcon.colcon_core.package_identification:_identify(src/ldlidar_stl_ros2) by extensions ['colcon_pkg']
[2.103s] Level 1:colcon.colcon_core.package_identification:_identify(src/ldlidar_stl_ros2) by extension 'colcon_pkg'
[2.103s] Level 1:colcon.colcon_core.package_identification:_identify(src/ldlidar_stl_ros2) by extensions ['colcon_meta']
[2.103s] Level 1:colcon.colcon_core.package_identification:_identify(src/ldlidar_stl_ros2) by extension 'colcon_meta'
[2.104s] Level 1:colcon.colcon_core.package_identification:_identify(src/ldlidar_stl_ros2) by extensions ['ros']
[2.104s] Level 1:colcon.colcon_core.package_identification:_identify(src/ldlidar_stl_ros2) by extension 'ros'
[2.106s] DEBUG:colcon.colcon_core.package_identification:Package 'src/ldlidar_stl_ros2' with type 'ros.ament_cmake' and name 'ldlidar_stl_ros2'
[2.107s] Level 1:colcon.colcon_core.package_identification:_identify(src/movement) by extensions ['ignore', 'ignore_ament_install']
[2.108s] Level 1:colcon.colcon_core.package_identification:_identify(src/movement) by extension 'ignore'
[2.108s] Level 1:colcon.colcon_core.package_identification:_identify(src/movement) by extension 'ignore_ament_install'
[2.108s] Level 1:colcon.colcon_core.package_identification:_identify(src/movement) by extensions ['colcon_pkg']
[2.109s] Level 1:colcon.colcon_core.package_identification:_identify(src/movement) by extension 'colcon_pkg'
[2.109s] Level 1:colcon.colcon_core.package_identification:_identify(src/movement) by extensions ['colcon_meta']
[2.109s] Level 1:colcon.colcon_core.package_identification:_identify(src/movement) by extension 'colcon_meta'
[2.109s] Level 1:colcon.colcon_core.package_identification:_identify(src/movement) by extensions ['ros']
[2.110s] Level 1:colcon.colcon_core.package_identification:_identify(src/movement) by extension 'ros'
[2.112s] DEBUG:colcon.colcon_core.package_identification:Package 'src/movement' with type 'ros.ament_python' and name 'movement'
[2.113s] Level 1:colcon.colcon_core.package_identification:_identify(src/vision) by extensions ['ignore', 'ignore_ament_install']
[2.113s] Level 1:colcon.colcon_core.package_identification:_identify(src/vision) by extension 'ignore'
[2.113s] Level 1:colcon.colcon_core.package_identification:_identify(src/vision) by extension 'ignore_ament_install'
[2.114s] Level 1:colcon.colcon_core.package_identification:_identify(src/vision) by extensions ['colcon_pkg']
[2.114s] Level 1:colcon.colcon_core.package_identification:_identify(src/vision) by extension 'colcon_pkg'
[2.114s] Level 1:colcon.colcon_core.package_identification:_identify(src/vision) by extensions ['colcon_meta']
[2.115s] Level 1:colcon.colcon_core.package_identification:_identify(src/vision) by extension 'colcon_meta'
[2.115s] Level 1:colcon.colcon_core.package_identification:_identify(src/vision) by extensions ['ros']
[2.115s] Level 1:colcon.colcon_core.package_identification:_identify(src/vision) by extension 'ros'
[2.115s] Level 1:colcon.colcon_core.package_identification:_identify(src/vision) by extensions ['cmake', 'python']
[2.116s] Level 1:colcon.colcon_core.package_identification:_identify(src/vision) by extension 'cmake'
[2.116s] Level 1:colcon.colcon_core.package_identification:_identify(src/vision) by extension 'python'
[2.116s] Level 1:colcon.colcon_core.package_identification:_identify(src/vision) by extensions ['python_setup_py']
[2.116s] Level 1:colcon.colcon_core.package_identification:_identify(src/vision) by extension 'python_setup_py'
[2.117s] Level 1:colcon.colcon_core.package_identification:_identify(src/working_code) by extensions ['ignore', 'ignore_ament_install']
[2.117s] Level 1:colcon.colcon_core.package_identification:_identify(src/working_code) by extension 'ignore'
[2.118s] Level 1:colcon.colcon_core.package_identification:_identify(src/working_code) by extension 'ignore_ament_install'
[2.118s] Level 1:colcon.colcon_core.package_identification:_identify(src/working_code) by extensions ['colcon_pkg']
[2.118s] Level 1:colcon.colcon_core.package_identification:_identify(src/working_code) by extension 'colcon_pkg'
[2.119s] Level 1:colcon.colcon_core.package_identification:_identify(src/working_code) by extensions ['colcon_meta']
[2.119s] Level 1:colcon.colcon_core.package_identification:_identify(src/working_code) by extension 'colcon_meta'
[2.119s] Level 1:colcon.colcon_core.package_identification:_identify(src/working_code) by extensions ['ros']
[2.119s] Level 1:colcon.colcon_core.package_identification:_identify(src/working_code) by extension 'ros'
[2.120s] Level 1:colcon.colcon_core.package_identification:_identify(src/working_code) by extensions ['cmake', 'python']
[2.120s] Level 1:colcon.colcon_core.package_identification:_identify(src/working_code) by extension 'cmake'
[2.120s] Level 1:colcon.colcon_core.package_identification:_identify(src/working_code) by extension 'python'
[2.121s] Level 1:colcon.colcon_core.package_identification:_identify(src/working_code) by extensions ['python_setup_py']
[2.121s] Level 1:colcon.colcon_core.package_identification:_identify(src/working_code) by extension 'python_setup_py'
[2.121s] Level 1:colcon.colcon_core.package_discovery:discover_packages(recursive) using defaults
[2.121s] Level 1:colcon.colcon_core.package_discovery:discover_packages(ignore) discover
[2.122s] Level 1:colcon.colcon_core.package_discovery:discover_packages(ignore) using defaults
[2.122s] Level 1:colcon.colcon_core.package_discovery:discover_packages(path) discover
[2.122s] Level 1:colcon.colcon_core.package_discovery:discover_packages(path) using defaults
[2.288s] INFO:colcon.colcon_core.package_selection:Skipping not selected package 'joystick_control' in 'src/joystick_control'
[2.288s] INFO:colcon.colcon_core.package_selection:Skipping not selected package 'movement' in 'src/movement'
[2.290s] Level 5:colcon.colcon_core.verb:set package 'ldlidar_stl_ros2' build argument 'cmake_args' from command line to 'None'
[2.290s] Level 5:colcon.colcon_core.verb:set package 'ldlidar_stl_ros2' build argument 'cmake_target' from command line to 'None'
[2.291s] Level 5:colcon.colcon_core.verb:set package 'ldlidar_stl_ros2' build argument 'cmake_target_skip_unavailable' from command line to 'False'
[2.291s] Level 5:colcon.colcon_core.verb:set package 'ldlidar_stl_ros2' build argument 'cmake_clean_cache' from command line to 'False'
[2.291s] Level 5:colcon.colcon_core.verb:set package 'ldlidar_stl_ros2' build argument 'cmake_clean_first' from command line to 'False'
[2.291s] Level 5:colcon.colcon_core.verb:set package 'ldlidar_stl_ros2' build argument 'cmake_force_configure' from command line to 'False'
[2.291s] Level 5:colcon.colcon_core.verb:set package 'ldlidar_stl_ros2' build argument 'ament_cmake_args' from command line to 'None'
[2.291s] Level 5:colcon.colcon_core.verb:set package 'ldlidar_stl_ros2' build argument 'catkin_cmake_args' from command line to 'None'
[2.292s] Level 5:colcon.colcon_core.verb:set package 'ldlidar_stl_ros2' build argument 'catkin_skip_building_tests' from command line to 'False'
[2.292s] DEBUG:colcon.colcon_core.verb:Building package 'ldlidar_stl_ros2' with the following arguments: {'ament_cmake_args': None, 'build_base': '/workspace/build/ldlidar_stl_ros2', 'catkin_cmake_args': None, 'catkin_skip_building_tests': False, 'cmake_args': None, 'cmake_clean_cache': False, 'cmake_clean_first': False, 'cmake_force_configure': False, 'cmake_target': None, 'cmake_target_skip_unavailable': False, 'install_base': '/workspace/install/ldlidar_stl_ros2', 'merge_install': False, 'path': '/workspace/src/ldlidar_stl_ros2', 'symlink_install': False, 'test_result_base': None}
[2.292s] INFO:colcon.colcon_core.executor:Executing jobs using 'parallel' executor
[2.296s] DEBUG:colcon.colcon_parallel_executor.executor.parallel:run_until_complete
[2.298s] INFO:colcon.colcon_ros.task.ament_cmake.build:Building ROS package in '/workspace/src/ldlidar_stl_ros2' with build type 'ament_cmake'
[2.299s] INFO:colcon.colcon_cmake.task.cmake.build:Building CMake package in '/workspace/src/ldlidar_stl_ros2'
[2.330s] INFO:colcon.colcon_core.plugin_system:Skipping extension 'colcon_core.shell.bat': Not used on non-Windows systems
[2.332s] INFO:colcon.colcon_core.shell:Skip shell extension 'powershell' for command environment: Not usable outside of PowerShell
[2.332s] DEBUG:colcon.colcon_core.shell:Skip shell extension 'dsv' for command environment
[2.401s] DEBUG:colcon.colcon_core.event_handler.log_command:Invoking command in '/workspace/build/ldlidar_stl_ros2': CMAKE_PREFIX_PATH=${CMAKE_PREFIX_PATH}:/opt/ros/jazzy /usr/bin/cmake /workspace/src/ldlidar_stl_ros2 -DCMAKE_INSTALL_PREFIX=/workspace/install/ldlidar_stl_ros2
[15.556s] DEBUG:colcon.colcon_core.event_handler.log_command:Invoked command in '/workspace/build/ldlidar_stl_ros2' returned '0': CMAKE_PREFIX_PATH=${CMAKE_PREFIX_PATH}:/opt/ros/jazzy /usr/bin/cmake /workspace/src/ldlidar_stl_ros2 -DCMAKE_INSTALL_PREFIX=/workspace/install/ldlidar_stl_ros2
[15.563s] DEBUG:colcon.colcon_core.event_handler.log_command:Invoking command in '/workspace/build/ldlidar_stl_ros2': CMAKE_PREFIX_PATH=${CMAKE_PREFIX_PATH}:/opt/ros/jazzy /usr/bin/cmake --build /workspace/build/ldlidar_stl_ros2 -- -j4 -l4
[42.105s] DEBUG:colcon.colcon_core.event_handler.log_command:Invoked command in '/workspace/build/ldlidar_stl_ros2' returned '0': CMAKE_PREFIX_PATH=${CMAKE_PREFIX_PATH}:/opt/ros/jazzy /usr/bin/cmake --build /workspace/build/ldlidar_stl_ros2 -- -j4 -l4
[42.164s] DEBUG:colcon.colcon_core.event_handler.log_command:Invoking command in '/workspace/build/ldlidar_stl_ros2': CMAKE_PREFIX_PATH=${CMAKE_PREFIX_PATH}:/opt/ros/jazzy /usr/bin/cmake --install /workspace/build/ldlidar_stl_ros2
[42.271s] Level 1:colcon.colcon_core.environment:create_environment_scripts_only(ldlidar_stl_ros2)
[42.273s] DEBUG:colcon.colcon_core.event_handler.log_command:Invoked command in '/workspace/build/ldlidar_stl_ros2' returned '0': CMAKE_PREFIX_PATH=${CMAKE_PREFIX_PATH}:/opt/ros/jazzy /usr/bin/cmake --install /workspace/build/ldlidar_stl_ros2
[42.308s] Level 1:colcon.colcon_core.environment:checking '/workspace/install/ldlidar_stl_ros2' for CMake module files
[42.312s] Level 1:colcon.colcon_core.environment:checking '/workspace/install/ldlidar_stl_ros2' for CMake config files
[42.314s] Level 1:colcon.colcon_core.shell:create_environment_hook('ldlidar_stl_ros2', 'cmake_prefix_path')
[42.315s] INFO:colcon.colcon_core.shell:Creating environment hook '/workspace/install/ldlidar_stl_ros2/share/ldlidar_stl_ros2/hook/cmake_prefix_path.ps1'
[42.325s] INFO:colcon.colcon_core.shell:Creating environment descriptor '/workspace/install/ldlidar_stl_ros2/share/ldlidar_stl_ros2/hook/cmake_prefix_path.dsv'
[42.328s] INFO:colcon.colcon_core.shell:Creating environment hook '/workspace/install/ldlidar_stl_ros2/share/ldlidar_stl_ros2/hook/cmake_prefix_path.sh'
[42.334s] Level 1:colcon.colcon_core.environment:checking '/workspace/install/ldlidar_stl_ros2/lib'
[42.335s] Level 1:colcon.colcon_core.environment:checking '/workspace/install/ldlidar_stl_ros2/bin'
[42.335s] Level 1:colcon.colcon_core.environment:checking '/workspace/install/ldlidar_stl_ros2/lib/pkgconfig/ldlidar_stl_ros2.pc'
[42.345s] Level 1:colcon.colcon_core.environment:checking '/workspace/install/ldlidar_stl_ros2/lib/python3.12/site-packages'
[42.347s] Level 1:colcon.colcon_core.environment:checking '/workspace/install/ldlidar_stl_ros2/bin'
[42.348s] INFO:colcon.colcon_core.shell:Creating package script '/workspace/install/ldlidar_stl_ros2/share/ldlidar_stl_ros2/package.ps1'
[42.358s] INFO:colcon.colcon_core.shell:Creating package descriptor '/workspace/install/ldlidar_stl_ros2/share/ldlidar_stl_ros2/package.dsv'
[42.362s] INFO:colcon.colcon_core.shell:Creating package script '/workspace/install/ldlidar_stl_ros2/share/ldlidar_stl_ros2/package.sh'
[42.368s] INFO:colcon.colcon_core.shell:Creating package script '/workspace/install/ldlidar_stl_ros2/share/ldlidar_stl_ros2/package.bash'
[42.372s] INFO:colcon.colcon_core.shell:Creating package script '/workspace/install/ldlidar_stl_ros2/share/ldlidar_stl_ros2/package.zsh'
[42.377s] Level 1:colcon.colcon_core.environment:create_file_with_runtime_dependencies(/workspace/install/ldlidar_stl_ros2/share/colcon-core/packages/ldlidar_stl_ros2)
[42.380s] Level 1:colcon.colcon_core.environment:create_environment_scripts_only(ldlidar_stl_ros2)
[42.381s] Level 1:colcon.colcon_core.environment:checking '/workspace/install/ldlidar_stl_ros2' for CMake module files
[42.385s] Level 1:colcon.colcon_core.environment:checking '/workspace/install/ldlidar_stl_ros2' for CMake config files
[42.387s] Level 1:colcon.colcon_core.shell:create_environment_hook('ldlidar_stl_ros2', 'cmake_prefix_path')
[42.388s] INFO:colcon.colcon_core.shell:Creating environment hook '/workspace/install/ldlidar_stl_ros2/share/ldlidar_stl_ros2/hook/cmake_prefix_path.ps1'
[42.390s] INFO:colcon.colcon_core.shell:Creating environment descriptor '/workspace/install/ldlidar_stl_ros2/share/ldlidar_stl_ros2/hook/cmake_prefix_path.dsv'
[42.397s] INFO:colcon.colcon_core.shell:Creating environment hook '/workspace/install/ldlidar_stl_ros2/share/ldlidar_stl_ros2/hook/cmake_prefix_path.sh'
[42.401s] Level 1:colcon.colcon_core.environment:checking '/workspace/install/ldlidar_stl_ros2/lib'
[42.401s] Level 1:colcon.colcon_core.environment:checking '/workspace/install/ldlidar_stl_ros2/bin'
[42.402s] Level 1:colcon.colcon_core.environment:checking '/workspace/install/ldlidar_stl_ros2/lib/pkgconfig/ldlidar_stl_ros2.pc'
[42.403s] Level 1:colcon.colcon_core.environment:checking '/workspace/install/ldlidar_stl_ros2/lib/python3.12/site-packages'
[42.405s] Level 1:colcon.colcon_core.environment:checking '/workspace/install/ldlidar_stl_ros2/bin'
[42.407s] INFO:colcon.colcon_core.shell:Creating package script '/workspace/install/ldlidar_stl_ros2/share/ldlidar_stl_ros2/package.ps1'
[42.414s] INFO:colcon.colcon_core.shell:Creating package descriptor '/workspace/install/ldlidar_stl_ros2/share/ldlidar_stl_ros2/package.dsv'
[42.421s] INFO:colcon.colcon_core.shell:Creating package script '/workspace/install/ldlidar_stl_ros2/share/ldlidar_stl_ros2/package.sh'
[42.424s] INFO:colcon.colcon_core.shell:Creating package script '/workspace/install/ldlidar_stl_ros2/share/ldlidar_stl_ros2/package.bash'
[42.426s] INFO:colcon.colcon_core.shell:Creating package script '/workspace/install/ldlidar_stl_ros2/share/ldlidar_stl_ros2/package.zsh'
[42.429s] Level 1:colcon.colcon_core.environment:create_file_with_runtime_dependencies(/workspace/install/ldlidar_stl_ros2/share/colcon-core/packages/ldlidar_stl_ros2)
[42.430s] DEBUG:colcon.colcon_parallel_executor.executor.parallel:closing loop
[42.432s] DEBUG:colcon.colcon_parallel_executor.executor.parallel:loop closed
[42.433s] DEBUG:colcon.colcon_parallel_executor.executor.parallel:run_until_complete finished with '0'
[42.433s] DEBUG:colcon.colcon_core.event_reactor:joining thread
[42.504s] INFO:colcon.colcon_core.plugin_system:Skipping extension 'colcon_notification.desktop_notification.notify_send': Could not find 'notify-send'
[42.505s] INFO:colcon.colcon_core.plugin_system:Skipping extension 'colcon_notification.desktop_notification.terminal_notifier': Not used on non-Darwin systems
[42.505s] INFO:colcon.colcon_core.plugin_system:Skipping extension 'colcon_notification.desktop_notification.win32': Not used on non-Windows systems
[42.506s] INFO:colcon.colcon_notification.desktop_notification:Sending desktop notification using 'notify2'
[42.508s] DEBUG:colcon.colcon_notification.desktop_notification.notify2:Failed to initialize notify2: org.freedesktop.DBus.Error.NotSupported: Unable to autolaunch a dbus-daemon without a $DISPLAY for X11
[42.509s] DEBUG:colcon.colcon_core.event_reactor:joined thread
[42.510s] INFO:colcon.colcon_core.shell:Creating prefix script '/workspace/install/local_setup.ps1'
[42.515s] INFO:colcon.colcon_core.shell:Creating prefix util module '/workspace/install/_local_setup_util_ps1.py'
[42.522s] INFO:colcon.colcon_core.shell:Creating prefix chain script '/workspace/install/setup.ps1'
[42.528s] INFO:colcon.colcon_core.shell:Creating prefix script '/workspace/install/local_setup.sh'
[42.532s] INFO:colcon.colcon_core.shell:Creating prefix util module '/workspace/install/_local_setup_util_sh.py'
[42.536s] INFO:colcon.colcon_core.shell:Creating prefix chain script '/workspace/install/setup.sh'
[42.541s] INFO:colcon.colcon_core.shell:Creating prefix script '/workspace/install/local_setup.bash'
[42.545s] INFO:colcon.colcon_core.shell:Creating prefix chain script '/workspace/install/setup.bash'
[42.550s] INFO:colcon.colcon_core.shell:Creating prefix script '/workspace/install/local_setup.zsh'
[42.553s] INFO:colcon.colcon_core.shell:Creating prefix chain script '/workspace/install/setup.zsh'
