[4.890s] Invoking command in '/workspace/src/movement': PYTHONPATH=/workspace/build/movement/prefix_override:/usr/lib/python3/dist-packages/colcon_core/task/python/colcon_distutils_commands:/workspace/install/movement/lib/python3.12/site-packages:${PYTHONPATH} /usr/bin/python3 -W ignore:setup.py install is deprecated -W ignore:easy_install command is deprecated setup.py egg_info --egg-base ../../build/movement build --build-base /workspace/build/movement/build install --record /workspace/build/movement/install.log --single-version-externally-managed install_data
[6.150s] running egg_info
[6.235s] writing ../../build/movement/movement.egg-info/PKG-INFO
[6.243s] writing dependency_links to ../../build/movement/movement.egg-info/dependency_links.txt
[6.244s] writing entry points to ../../build/movement/movement.egg-info/entry_points.txt
[6.245s] writing requirements to ../../build/movement/movement.egg-info/requires.txt
[6.246s] writing top-level names to ../../build/movement/movement.egg-info/top_level.txt
[6.426s] reading manifest file '../../build/movement/movement.egg-info/SOURCES.txt'
[6.437s] writing manifest file '../../build/movement/movement.egg-info/SOURCES.txt'
[6.438s] running build
[6.439s] running build_py
[6.442s] copying movement/manual_control_node.py -> /workspace/build/movement/build/lib/movement
[6.445s] running install
[6.475s] running install_lib
[6.570s] copying /workspace/build/movement/build/lib/movement/manual_control_node.py -> /workspace/install/movement/lib/python3.12/site-packages/movement
[6.575s] byte-compiling /workspace/install/movement/lib/python3.12/site-packages/movement/manual_control_node.py to manual_control_node.cpython-312.pyc
[6.582s] running install_data
[6.585s] running install_egg_info
[6.680s] removing '/workspace/install/movement/lib/python3.12/site-packages/movement-0.0.0-py3.12.egg-info' (and everything under it)
[6.682s] Copying ../../build/movement/movement.egg-info to /workspace/install/movement/lib/python3.12/site-packages/movement-0.0.0-py3.12.egg-info
[6.695s] running install_scripts
[7.373s] Installing manual_control script to /workspace/install/movement/lib/movement
[7.381s] writing list of installed files to '/workspace/build/movement/install.log'
[7.529s] Invoked command in '/workspace/src/movement' returned '0': PYTHONPATH=/workspace/build/movement/prefix_override:/usr/lib/python3/dist-packages/colcon_core/task/python/colcon_distutils_commands:/workspace/install/movement/lib/python3.12/site-packages:${PYTHONPATH} /usr/bin/python3 -W ignore:setup.py install is deprecated -W ignore:easy_install command is deprecated setup.py egg_info --egg-base ../../build/movement build --build-base /workspace/build/movement/build install --record /workspace/build/movement/install.log --single-version-externally-managed install_data
